0 info it worked if it ends with ok
1 verbose cli [ 'c:\\Program Files\\nodejs\\node.exe',
1 verbose cli   'c:\\Program Files\\nodejs\\node_modules\\npm\\bin\\npm-cli.js',
1 verbose cli   'publish' ]
2 info using npm@1.3.5
3 info using node@v0.10.15
4 verbose publish [ '.' ]
5 verbose cache add [ '.', null ]
6 verbose cache add name=undefined spec="." args=[".",null]
7 verbose parsed url { protocol: null,
7 verbose parsed url   slashes: null,
7 verbose parsed url   auth: null,
7 verbose parsed url   host: null,
7 verbose parsed url   port: null,
7 verbose parsed url   hostname: null,
7 verbose parsed url   hash: null,
7 verbose parsed url   search: null,
7 verbose parsed url   query: null,
7 verbose parsed url   pathname: '.',
7 verbose parsed url   path: '.',
7 verbose parsed url   href: '.' }
8 silly lockFile 3a52ce78- .
9 verbose lock . D:\Users\Santiago.Cordoba\AppData\Roaming\npm-cache\3a52ce78-.lock
10 verbose tar pack [ 'D:\\Users\\SANTIA~1.COR\\AppData\\Local\\Temp\\npm-7768-jgKMWSF4\\1379344050999-0.49998047458939254\\tmp.tgz',
10 verbose tar pack   '.' ]
11 verbose tarball D:\Users\SANTIA~1.COR\AppData\Local\Temp\npm-7768-jgKMWSF4\1379344050999-0.49998047458939254\tmp.tgz
12 verbose folder .
13 info prepublish mercadolibre@0.0.1
14 silly lockFile 1f1177db-tar tar://.
15 verbose lock tar://. D:\Users\Santiago.Cordoba\AppData\Roaming\npm-cache\1f1177db-tar.lock
16 silly lockFile 431c8d1d-0999-0-49998047458939254-tmp-tgz tar://D:\Users\SANTIA~1.COR\AppData\Local\Temp\npm-7768-jgKMWSF4\1379344050999-0.49998047458939254\tmp.tgz
17 verbose lock tar://D:\Users\SANTIA~1.COR\AppData\Local\Temp\npm-7768-jgKMWSF4\1379344050999-0.49998047458939254\tmp.tgz D:\Users\Santiago.Cordoba\AppData\Roaming\npm-cache\431c8d1d-0999-0-49998047458939254-tmp-tgz.lock
18 silly lockFile 1f1177db-tar tar://.
19 silly lockFile 1f1177db-tar tar://.
20 silly lockFile 431c8d1d-0999-0-49998047458939254-tmp-tgz tar://D:\Users\SANTIA~1.COR\AppData\Local\Temp\npm-7768-jgKMWSF4\1379344050999-0.49998047458939254\tmp.tgz
21 silly lockFile 431c8d1d-0999-0-49998047458939254-tmp-tgz tar://D:\Users\SANTIA~1.COR\AppData\Local\Temp\npm-7768-jgKMWSF4\1379344050999-0.49998047458939254\tmp.tgz
22 verbose tar unpack D:\Users\SANTIA~1.COR\AppData\Local\Temp\npm-7768-jgKMWSF4\1379344050999-0.49998047458939254\tmp.tgz
23 silly lockFile 475396fa-0999-0-49998047458939254-package tar://D:\Users\SANTIA~1.COR\AppData\Local\Temp\npm-7768-jgKMWSF4\1379344050999-0.49998047458939254\package
24 verbose lock tar://D:\Users\SANTIA~1.COR\AppData\Local\Temp\npm-7768-jgKMWSF4\1379344050999-0.49998047458939254\package D:\Users\Santiago.Cordoba\AppData\Roaming\npm-cache\475396fa-0999-0-49998047458939254-package.lock
25 silly lockFile 431c8d1d-0999-0-49998047458939254-tmp-tgz tar://D:\Users\SANTIA~1.COR\AppData\Local\Temp\npm-7768-jgKMWSF4\1379344050999-0.49998047458939254\tmp.tgz
26 verbose lock tar://D:\Users\SANTIA~1.COR\AppData\Local\Temp\npm-7768-jgKMWSF4\1379344050999-0.49998047458939254\tmp.tgz D:\Users\Santiago.Cordoba\AppData\Roaming\npm-cache\431c8d1d-0999-0-49998047458939254-tmp-tgz.lock
27 silly gunzTarPerm modes [ '755', '644' ]
28 silly gunzTarPerm extractEntry package.json
29 silly gunzTarPerm modified mode [ 'package.json', 438, 420 ]
30 silly gunzTarPerm extractEntry README.md
31 silly gunzTarPerm modified mode [ 'README.md', 438, 420 ]
32 silly gunzTarPerm extractEntry mercadolibre.js
33 silly gunzTarPerm modified mode [ 'mercadolibre.js', 438, 420 ]
34 silly lockFile 475396fa-0999-0-49998047458939254-package tar://D:\Users\SANTIA~1.COR\AppData\Local\Temp\npm-7768-jgKMWSF4\1379344050999-0.49998047458939254\package
35 silly lockFile 475396fa-0999-0-49998047458939254-package tar://D:\Users\SANTIA~1.COR\AppData\Local\Temp\npm-7768-jgKMWSF4\1379344050999-0.49998047458939254\package
36 silly lockFile 431c8d1d-0999-0-49998047458939254-tmp-tgz tar://D:\Users\SANTIA~1.COR\AppData\Local\Temp\npm-7768-jgKMWSF4\1379344050999-0.49998047458939254\tmp.tgz
37 silly lockFile 431c8d1d-0999-0-49998047458939254-tmp-tgz tar://D:\Users\SANTIA~1.COR\AppData\Local\Temp\npm-7768-jgKMWSF4\1379344050999-0.49998047458939254\tmp.tgz
38 verbose tar pack [ 'D:\\Users\\Santiago.Cordoba\\AppData\\Roaming\\npm-cache\\mercadolibre\\0.0.1\\package.tgz',
38 verbose tar pack   'D:\\Users\\SANTIA~1.COR\\AppData\\Local\\Temp\\npm-7768-jgKMWSF4\\1379344050999-0.49998047458939254\\package' ]
39 verbose tarball D:\Users\Santiago.Cordoba\AppData\Roaming\npm-cache\mercadolibre\0.0.1\package.tgz
40 verbose folder D:\Users\SANTIA~1.COR\AppData\Local\Temp\npm-7768-jgKMWSF4\1379344050999-0.49998047458939254\package
41 silly lockFile 475396fa-0999-0-49998047458939254-package tar://D:\Users\SANTIA~1.COR\AppData\Local\Temp\npm-7768-jgKMWSF4\1379344050999-0.49998047458939254\package
42 verbose lock tar://D:\Users\SANTIA~1.COR\AppData\Local\Temp\npm-7768-jgKMWSF4\1379344050999-0.49998047458939254\package D:\Users\Santiago.Cordoba\AppData\Roaming\npm-cache\475396fa-0999-0-49998047458939254-package.lock
43 silly lockFile bc6baf5d-e-mercadolibre-0-0-1-package-tgz tar://D:\Users\Santiago.Cordoba\AppData\Roaming\npm-cache\mercadolibre\0.0.1\package.tgz
44 verbose lock tar://D:\Users\Santiago.Cordoba\AppData\Roaming\npm-cache\mercadolibre\0.0.1\package.tgz D:\Users\Santiago.Cordoba\AppData\Roaming\npm-cache\bc6baf5d-e-mercadolibre-0-0-1-package-tgz.lock
45 silly lockFile 475396fa-0999-0-49998047458939254-package tar://D:\Users\SANTIA~1.COR\AppData\Local\Temp\npm-7768-jgKMWSF4\1379344050999-0.49998047458939254\package
46 silly lockFile 475396fa-0999-0-49998047458939254-package tar://D:\Users\SANTIA~1.COR\AppData\Local\Temp\npm-7768-jgKMWSF4\1379344050999-0.49998047458939254\package
47 silly lockFile bc6baf5d-e-mercadolibre-0-0-1-package-tgz tar://D:\Users\Santiago.Cordoba\AppData\Roaming\npm-cache\mercadolibre\0.0.1\package.tgz
48 silly lockFile bc6baf5d-e-mercadolibre-0-0-1-package-tgz tar://D:\Users\Santiago.Cordoba\AppData\Roaming\npm-cache\mercadolibre\0.0.1\package.tgz
49 silly lockFile 6ceb5b32-cache-mercadolibre-0-0-1-package D:\Users\Santiago.Cordoba\AppData\Roaming\npm-cache\mercadolibre\0.0.1\package
50 verbose lock D:\Users\Santiago.Cordoba\AppData\Roaming\npm-cache\mercadolibre\0.0.1\package D:\Users\Santiago.Cordoba\AppData\Roaming\npm-cache\6ceb5b32-cache-mercadolibre-0-0-1-package.lock
51 silly lockFile 6ceb5b32-cache-mercadolibre-0-0-1-package D:\Users\Santiago.Cordoba\AppData\Roaming\npm-cache\mercadolibre\0.0.1\package
52 silly lockFile 6ceb5b32-cache-mercadolibre-0-0-1-package D:\Users\Santiago.Cordoba\AppData\Roaming\npm-cache\mercadolibre\0.0.1\package
53 verbose tar unpack D:\Users\Santiago.Cordoba\AppData\Roaming\npm-cache\mercadolibre\0.0.1\package.tgz
54 silly lockFile cea3bce4-cache-mercadolibre-0-0-1-package tar://D:\Users\Santiago.Cordoba\AppData\Roaming\npm-cache\mercadolibre\0.0.1\package
55 verbose lock tar://D:\Users\Santiago.Cordoba\AppData\Roaming\npm-cache\mercadolibre\0.0.1\package D:\Users\Santiago.Cordoba\AppData\Roaming\npm-cache\cea3bce4-cache-mercadolibre-0-0-1-package.lock
56 silly lockFile bc6baf5d-e-mercadolibre-0-0-1-package-tgz tar://D:\Users\Santiago.Cordoba\AppData\Roaming\npm-cache\mercadolibre\0.0.1\package.tgz
57 verbose lock tar://D:\Users\Santiago.Cordoba\AppData\Roaming\npm-cache\mercadolibre\0.0.1\package.tgz D:\Users\Santiago.Cordoba\AppData\Roaming\npm-cache\bc6baf5d-e-mercadolibre-0-0-1-package-tgz.lock
58 silly gunzTarPerm modes [ '755', '644' ]
59 silly gunzTarPerm extractEntry package.json
60 silly gunzTarPerm modified mode [ 'package.json', 438, 420 ]
61 silly gunzTarPerm extractEntry README.md
62 silly gunzTarPerm modified mode [ 'README.md', 438, 420 ]
63 silly gunzTarPerm extractEntry mercadolibre.js
64 silly gunzTarPerm modified mode [ 'mercadolibre.js', 438, 420 ]
65 silly lockFile cea3bce4-cache-mercadolibre-0-0-1-package tar://D:\Users\Santiago.Cordoba\AppData\Roaming\npm-cache\mercadolibre\0.0.1\package
66 silly lockFile cea3bce4-cache-mercadolibre-0-0-1-package tar://D:\Users\Santiago.Cordoba\AppData\Roaming\npm-cache\mercadolibre\0.0.1\package
67 silly lockFile bc6baf5d-e-mercadolibre-0-0-1-package-tgz tar://D:\Users\Santiago.Cordoba\AppData\Roaming\npm-cache\mercadolibre\0.0.1\package.tgz
68 silly lockFile bc6baf5d-e-mercadolibre-0-0-1-package-tgz tar://D:\Users\Santiago.Cordoba\AppData\Roaming\npm-cache\mercadolibre\0.0.1\package.tgz
69 verbose chmod D:\Users\Santiago.Cordoba\AppData\Roaming\npm-cache\mercadolibre\0.0.1\package.tgz 644
70 silly chown skipping for windows D:\Users\Santiago.Cordoba\AppData\Roaming\npm-cache\mercadolibre\0.0.1\package.tgz
71 silly lockFile 3a52ce78- .
72 silly lockFile 3a52ce78- .
73 silly publish { name: 'mercadolibre',
73 silly publish   version: '0.0.1',
73 silly publish   author:
73 silly publish    { name: 'Santiago Nahuel Cordoba',
73 silly publish      email: 'santi8ago8@gmail.com' },
73 silly publish   description: 'Mercadolibre SDK module for integration',
73 silly publish   main: './mercadolibre.js',
73 silly publish   repository:
73 silly publish    { type: 'git',
73 silly publish      url: 'https://github.com/santi8ago8/MercadoLibreNode.git' },
73 silly publish   keywords: [ 'api', 'mercadolibre', 'meli', 'sdk', 'integration' ],
73 silly publish   dependencies: { needle: '>=0.5.9' },
73 silly publish   engine: { node: '>=0.6' },
73 silly publish   readme: 'MercadoLibreNode\r\n================\r\n\r\nMercadoLibreNode SDK for Node.js\r\n',
73 silly publish   readmeFilename: 'README.md',
73 silly publish   bugs: { url: 'https://github.com/santi8ago8/MercadoLibreNode/issues' },
73 silly publish   _id: 'mercadolibre@0.0.1',
73 silly publish   dist: { shasum: '485c73cda204ec745de430977888eb9b97b413ca' },
73 silly publish   _from: '.' }
74 verbose url raw mercadolibre
75 verbose url resolving [ 'https://registry.npmjs.org/', './mercadolibre' ]
76 verbose url resolved https://registry.npmjs.org/mercadolibre
77 info trying registry request attempt 1 at 12:07:31
78 http PUT https://registry.npmjs.org/mercadolibre
79 http 409 https://registry.npmjs.org/mercadolibre
80 verbose url raw mercadolibre
81 verbose url resolving [ 'https://registry.npmjs.org/', './mercadolibre' ]
82 verbose url resolved https://registry.npmjs.org/mercadolibre
83 info trying registry request attempt 1 at 12:07:32
84 http GET https://registry.npmjs.org/mercadolibre
85 http 200 https://registry.npmjs.org/mercadolibre
86 error publish fail Cannot publish over existing version.
86 error publish fail Update the 'version' field in package.json and try again.
86 error publish fail
86 error publish fail If the previous version was published in error, see:
86 error publish fail     npm help unpublish
86 error publish fail
86 error publish fail To automatically increment version numbers, see:
86 error publish fail     npm help version
87 error System Windows_NT 6.1.7601
88 error command "c:\\Program Files\\nodejs\\node.exe" "c:\\Program Files\\nodejs\\node_modules\\npm\\bin\\npm-cli.js" "publish"
89 error cwd d:\Users\Santiago.Cordoba\GitHub\MercadoLibreNode
90 error node -v v0.10.15
91 error npm -v 1.3.5
92 error code EPUBLISHCONFLICT
93 verbose exit [ 1, true ]
